2022-03-18 00:09:14.524 [info] <0.44.0> Application logger started on node nonode@nohost
2022-03-18 00:09:14.526 [info] <0.44.0> Application gen_stage started on node nonode@nohost
2022-03-18 00:09:14.526 [info] <0.44.0> Application telemetry started on node nonode@nohost
2022-03-18 00:09:14.528 [info] <0.44.0> Application broadway started on node nonode@nohost
2022-03-18 00:09:14.528 [info] <0.44.0> Application xmerl started on node nonode@nohost
2022-03-18 00:09:14.533 [info] <0.44.0> Application sasl started on node nonode@nohost
2022-03-18 00:09:14.533 [info] <0.44.0> Application tools started on node nonode@nohost
2022-03-18 00:09:14.533 [info] <0.44.0> Application jsx started on node nonode@nohost
2022-03-18 00:09:14.533 [info] <0.44.0> Application recon started on node nonode@nohost
2022-03-18 00:09:14.576 [info] <0.44.0> Application credentials_obfuscation started on node nonode@nohost
2022-03-18 00:09:14.576 [info] <0.44.0> Application rabbit_common started on node nonode@nohost
2022-03-18 00:09:14.582 [info] <0.44.0> Application amqp_client started on node nonode@nohost
2022-03-18 00:09:14.585 [info] <0.44.0> Application amqp started on node nonode@nohost
2022-03-18 00:09:14.585 [info] <0.44.0> Application nimble_options started on node nonode@nohost
2022-03-18 00:09:14.585 [info] <0.44.0> Application broadway_rabbitmq started on node nonode@nohost
2022-03-18 00:09:14.616 [info] <0.44.0> Application tickets_ex started on node nonode@nohost
2022-03-18 00:50:50.934 [info] <0.44.0> Application logger started on node nonode@nohost
2022-03-18 00:50:50.935 [info] <0.44.0> Application gen_stage started on node nonode@nohost
2022-03-18 00:50:50.935 [info] <0.44.0> Application telemetry started on node nonode@nohost
2022-03-18 00:50:50.937 [info] <0.44.0> Application broadway started on node nonode@nohost
2022-03-18 00:50:50.937 [info] <0.44.0> Application xmerl started on node nonode@nohost
2022-03-18 00:50:50.943 [info] <0.44.0> Application sasl started on node nonode@nohost
2022-03-18 00:50:50.943 [info] <0.44.0> Application tools started on node nonode@nohost
2022-03-18 00:50:50.943 [info] <0.44.0> Application jsx started on node nonode@nohost
2022-03-18 00:50:50.943 [info] <0.44.0> Application recon started on node nonode@nohost
2022-03-18 00:50:50.982 [info] <0.44.0> Application credentials_obfuscation started on node nonode@nohost
2022-03-18 00:50:50.982 [info] <0.44.0> Application rabbit_common started on node nonode@nohost
2022-03-18 00:50:50.987 [info] <0.44.0> Application amqp_client started on node nonode@nohost
2022-03-18 00:50:50.989 [info] <0.44.0> Application amqp started on node nonode@nohost
2022-03-18 00:50:50.989 [info] <0.44.0> Application nimble_options started on node nonode@nohost
2022-03-18 00:50:50.989 [info] <0.44.0> Application broadway_rabbitmq started on node nonode@nohost
2022-03-18 00:50:51.020 [info] <0.44.0> Application tickets_ex started on node nonode@nohost
2022-03-18 00:51:42.543 [info] <0.44.0> Application logger started on node nonode@nohost
2022-03-18 00:51:42.546 [info] <0.44.0> Application gen_stage started on node nonode@nohost
2022-03-18 00:51:42.546 [info] <0.44.0> Application telemetry started on node nonode@nohost
2022-03-18 00:51:42.549 [info] <0.44.0> Application broadway started on node nonode@nohost
2022-03-18 00:51:42.549 [info] <0.44.0> Application xmerl started on node nonode@nohost
2022-03-18 00:51:42.558 [info] <0.44.0> Application sasl started on node nonode@nohost
2022-03-18 00:51:42.558 [info] <0.44.0> Application tools started on node nonode@nohost
2022-03-18 00:51:42.558 [info] <0.44.0> Application jsx started on node nonode@nohost
2022-03-18 00:51:42.558 [info] <0.44.0> Application recon started on node nonode@nohost
2022-03-18 00:51:42.612 [info] <0.44.0> Application credentials_obfuscation started on node nonode@nohost
2022-03-18 00:51:42.612 [info] <0.44.0> Application rabbit_common started on node nonode@nohost
2022-03-18 00:51:42.617 [info] <0.44.0> Application amqp_client started on node nonode@nohost
2022-03-18 00:51:42.621 [info] <0.44.0> Application amqp started on node nonode@nohost
2022-03-18 00:51:42.621 [info] <0.44.0> Application nimble_options started on node nonode@nohost
2022-03-18 00:51:42.621 [info] <0.44.0> Application broadway_rabbitmq started on node nonode@nohost
2022-03-18 00:51:42.675 [info] <0.44.0> Application tickets_ex started on node nonode@nohost
